07:02:07.049  Chromatic CLI v11.2.0
              https://www.chromatic.com/docs/cli 
 
 
07:02:07.053  ✖ Build script not found
              The CLI didn't find a script called "deploy-storybook" in your package.json.
              Make sure you set the --build-script-name option to the value of the script name that builds your Storybook.
              → View the full stacktrace below
              
              If you need help, please chat with us at https://www.chromatic.com/docs/cli for the fastest response.
              You can also email the team at support@chromatic.com if chat is not an option.
              
              Please provide us with the above CLI output and the following info:
              {
                "timestamp": "2024-03-31T07:02:07.051Z",
                "sessionId": "48a907f5-a8cc-4235-a5f9-eba1ca5f5e84",
                "nodePlatform": "darwin",
                "nodeVersion": "19.4.0",
                "packageName": "chromatic",
                "packageVersion": "11.2.0",
                "flags": {
                  "interactive": false
                },
                "extraOptions": {
                  "projectId": "Project:660908d77eb40b2f68c22f81",
                  "autoAcceptChanges": false,
                  "exitOnceUploaded": false,
                  "exitZeroOnChanges": true,
                  "forceRebuild": true,
                  "fromCI": false,
                  "isLocalBuild": true,
                  "skip": false,
                  "interactive": false,
                  "experimental_abortSignal": {}
                },
                "configuration": {
                  "configFile": "chromatic.config.json",
                  "projectId": "Project:660908d77eb40b2f68c22f81",
                  "debug": true,
                  "zip": true,
                  "buildScriptName": "deploy-storybook"
                },
                "errorType": "Error",
                "errorMessage": "✖ Build script not found"
              }
              
              Error: ✖ Build script not found
              The CLI didn't find a script called "deploy-storybook" in your package.json.
              Make sure you set the --build-script-name option to the value of the script name that builds your Storybook.
                  at pte (/Users/sh/Desktop/skill_fox/node_modules/chromatic/dist/chunk-BUNGLJQA.js:290:6363)
                  at sAi (/Users/sh/Desktop/skill_fox/node_modules/chromatic/dist/chunk-BUNGLJQA.js:1572:1647)
                  at async Object.h7i (/Users/sh/Desktop/skill_fox/node_modules/chromatic/dist/chunk-BUNGLJQA.js:1572:368)
                  at async K (/Users/sh/Desktop/skill_fox/node_modules/@chromatic-com/storybook/dist/index.js:9:5091)
                  at async Object.<anonymous> (/Users/sh/Desktop/skill_fox/node_modules/@chromatic-com/storybook/dist/index.js:12:146) 
 
07:02:12.632  Chromatic CLI v11.2.0
              https://www.chromatic.com/docs/cli 
 
 
07:02:12.635  ✖ Build script not found
              The CLI didn't find a script called "deploy-storybook" in your package.json.
              Make sure you set the --build-script-name option to the value of the script name that builds your Storybook.
              → View the full stacktrace below
              
              If you need help, please chat with us at https://www.chromatic.com/docs/cli for the fastest response.
              You can also email the team at support@chromatic.com if chat is not an option.
              
              Please provide us with the above CLI output and the following info:
              {
                "timestamp": "2024-03-31T07:02:12.633Z",
                "sessionId": "26377ae5-0404-439d-8333-742acff633d1",
                "nodePlatform": "darwin",
                "nodeVersion": "19.4.0",
                "packageName": "chromatic",
                "packageVersion": "11.2.0",
                "flags": {
                  "interactive": false
                },
                "extraOptions": {
                  "projectId": "Project:660908d77eb40b2f68c22f81",
                  "autoAcceptChanges": false,
                  "exitOnceUploaded": false,
                  "exitZeroOnChanges": true,
                  "forceRebuild": true,
                  "fromCI": false,
                  "isLocalBuild": true,
                  "skip": false,
                  "interactive": false,
                  "experimental_abortSignal": {}
                },
                "configuration": {
                  "configFile": "chromatic.config.json",
                  "projectId": "Project:660908d77eb40b2f68c22f81",
                  "debug": true,
                  "zip": true,
                  "buildScriptName": "deploy-storybook"
                },
                "errorType": "Error",
                "errorMessage": "✖ Build script not found"
              }
              
              Error: ✖ Build script not found
              The CLI didn't find a script called "deploy-storybook" in your package.json.
              Make sure you set the --build-script-name option to the value of the script name that builds your Storybook.
                  at pte (/Users/sh/Desktop/skill_fox/node_modules/chromatic/dist/chunk-BUNGLJQA.js:290:6363)
                  at sAi (/Users/sh/Desktop/skill_fox/node_modules/chromatic/dist/chunk-BUNGLJQA.js:1572:1647)
                  at async Object.h7i (/Users/sh/Desktop/skill_fox/node_modules/chromatic/dist/chunk-BUNGLJQA.js:1572:368)
                  at async K (/Users/sh/Desktop/skill_fox/node_modules/@chromatic-com/storybook/dist/index.js:9:5091)
                  at async Object.<anonymous> (/Users/sh/Desktop/skill_fox/node_modules/@chromatic-com/storybook/dist/index.js:12:146) 
 
07:03:37.951  Chromatic CLI v11.2.0
              https://www.chromatic.com/docs/cli 
 
07:03:37.961  Authenticating with Chromatic 
07:03:37.961      → Connecting to https://index.chromatic.com
07:03:38.642  Authenticated with Chromatic
                  → Using project ID 'Project:660908d77eb40b2f68c22f81' and user token
07:03:38.642  Retrieving git information
07:03:38.700  git info: {"commit":{"commit":"69af5bd52e674116ae4ff4c16f3db1e65c5c795f","committedAt":1711793906000,"committerEmail":"lshsh5656@naver.com","committerName":"ish"},"branch":"main","fromCI":false}
07:03:39.431  App firstBuild: %o, lastBuild: %o {"committedAt":1711793906000} {"commit":"69af5bd52e674116ae4ff4c16f3db1e65c5c795f","committedAt":1711793906000}
07:03:39.443  Adding last branch build commit 69af5bd52e674116ae4ff4c16f3db1e65c5c795f to commits with builds
07:03:39.443  step: checking 20 up to 1711793906
07:03:39.443  step: commitsWithBuilds: 69af5bd52e674116ae4ff4c16f3db1e65c5c795f
07:03:39.443  step: commitsWithoutBuilds:
07:03:39.443  running git rev-list HEAD       --since 1711793906       -n 20 --not 69af5bd52e674116ae4ff4c16f3db1e65c5c795f
07:03:39.455  command output:
07:03:39.456  step: candidateCommits: , visitedCommitsWithoutBuilds:
07:03:39.456  step: no candidateCommits; we are done
07:03:40.064  Final commitsWithBuilds: 69af5bd52e674116ae4ff4c16f3db1e65c5c795f
07:03:40.069  running git rev-list 69af5bd52e674116ae4ff4c16f3db1e65c5c795f --not "69af5bd52e674116ae4ff4c16f3db1e65c5c795f^@"
07:03:40.099  command output: 69af5bd52e674116ae4ff4c16f3db1e65c5c795f
07:03:40.099  Found parentCommits: 69af5bd52e674116ae4ff4c16f3db1e65c5c795f
07:03:40.702  Retrieved git information
                  → Commit '69af5bd' on branch 'main'; found 1 parent build
07:03:40.703  Collecting Storybook metadata
07:03:40.721  [{"status":"fulfilled","value":{"addons":[]}},{"status":"fulfilled","value":{}},{"status":"fulfilled","value":{"viewLayer":"react","version":"8.0.4"}},{"status":"rejected","reason":{}}]
07:03:40.722  Collected Storybook metadata
                  → Storybook 8.0.4 for React; no supported addons found
07:03:40.722  Initializing build
07:03:40.722  Got environment:
              {}
07:03:41.786  Initialized build
                  → Build 3 initialized
07:03:41.788  Building your Storybook
07:03:41.789      → Running command: npm run build-storybook -- --output-dir /var/folders/m9/wbh8x10963ncxmjzf561w3mc0000gn/T/chromatic--11808-vky4FQm84mKe
07:03:41.789      → [*                   ]
07:03:41.789  Running build command: npm run build-storybook -- --output-dir /var/folders/m9/wbh8x10963ncxmjzf561w3mc0000gn/T/chromatic--11808-vky4FQm84mKe
07:03:41.789  Runtime metadata: {
                "nodePlatform": "darwin",
                "nodeVersion": "19.4.0",
                "packageManager": "npm",
                "packageManagerVersion": "9.2.0"
              }
07:03:46.454  Storybook built in 5 seconds
                  → View build log at /Users/sh/Desktop/skill_fox/build-storybook.log
07:03:46.454  Publish your built Storybook
07:03:46.454      → Validating Storybook files
07:03:46.456  Publishing your built Storybook
07:03:46.456      → Calculating file hashes
07:03:46.461  Calculated file hashes in 5ms
07:03:46.462  Publishing your built Storybook
07:03:46.462      → Starting publish
07:03:46.462  Running uploadBuild batch 1 / 1
07:03:47.289  Adding to zip archive: 662.dfd80ddb.iframe.bundle.js
07:03:47.295  Adding to zip archive: 677.32ccf452.iframe.bundle.js
07:03:47.295  Adding to zip archive: 874.b7d591c2.iframe.bundle.js
07:03:47.296  Adding to zip archive: features-Home-components-organisms-JobSelect-stories.a4cd2f6e.iframe.bundle.js
07:03:47.296  Adding to zip archive: features-Home-components-organisms-SkillAnalysisStepper-stories.3dc4b127.iframe.bundle.js
07:03:47.296  Adding to zip archive: features-common-components-atoms-Button-stories.97b5273f.iframe.bundle.js
07:03:47.296  Adding to zip archive: features-common-components-atoms-Radio-stories.f99a35d2.iframe.bundle.js
07:03:47.296  Adding to zip archive: features-common-components-atoms-StepIndicator-stories.1ef55de6.iframe.bundle.js
07:03:47.296  Adding to zip archive: features-common-components-molecules-StepContent-stories.89668479.iframe.bundle.js
07:03:47.297  Adding to zip archive: features-common-components-organisms-StepNavigation-stories.d8bebbef.iframe.bundle.js
07:03:47.297  Adding to zip archive: features-common-components-organisms-Stepper-stories.111703c9.iframe.bundle.js
07:03:47.297  Adding to zip archive: iframe.html
07:03:47.297  Adding to zip archive: index.html
07:03:47.297  Adding to zip archive: main.d528bb9b.iframe.bundle.js
07:03:47.297  Adding to zip archive: project.json
07:03:47.297  Adding to zip archive: runtime~main.6924d49c.iframe.bundle.js
07:03:47.298  Finalizing zip archive
07:03:47.457  Compression reduced upload size by 69%
07:03:47.457  Uploading /.chromatic/storybook.zip (744.32 kB)
07:03:47.462      → [==                  ] 9%
07:03:52.017  Uploaded /.chromatic/storybook.zip (744.32 kB)
07:03:52.019  Publishing your built Storybook
07:03:52.019      → Finalizing upload
07:03:52.021  Waiting for 'files-copied.400434229.txt' sentinel file to appear at https://chromatic-builds.s3.us-west-2.amazonaws.com/660908d77eb40b2f68c22f81-ksfausvnyn/.chromatic/files-copied.400434229.txt?X-Amz-Algorithm=AWS4-HMAC-SHA256&X-Amz-Content-Sha256=UNSIGNED-PAYLOAD&X-Amz-Credential=AKIAJVVEQEOBEEPXSNNQ%2F20240331%2Fus-west-2%2Fs3%2Faws4_request&X-Amz-Date=20240331T070347Z&X-Amz-Expires=1800&X-Amz-Signature=369b7fcbcbf60869b1ad8d319403cbd3f1444a702233372d19fcb75413745981&X-Amz-SignedHeaders=host&x-id=GetObject
07:03:52.027  Waiting for 'zip-unpacked.txt' sentinel file to appear at https://chromatic-builds.s3.us-west-2.amazonaws.com/660908d77eb40b2f68c22f81-ksfausvnyn/.chromatic/zip-unpacked.txt?X-Amz-Algorithm=AWS4-HMAC-SHA256&X-Amz-Content-Sha256=UNSIGNED-PAYLOAD&X-Amz-Credential=AKIAJVVEQEOBEEPXSNNQ%2F20240331%2Fus-west-2%2Fs3%2Faws4_request&X-Amz-Date=20240331T070347Z&X-Amz-Expires=1980&X-Amz-Signature=9e5215154bad03d4ef825b522effb7eb3434793ef03ecc0fbed9620ccd3cd466&X-Amz-SignedHeaders=host&x-id=GetObject
07:03:52.698  Sentinel file 'files-copied.400434229.txt' OK.
07:03:54.315  Sentinel file 'zip-unpacked.txt' OK.
07:03:54.320  Publish complete in 8 seconds
                  → Uploaded 16 files (744.32 kB), skipped 46 files
07:03:54.321  Verifying your Storybook
07:03:54.321      → This may take a few minutes
07:03:54.321      → [*                   ]
07:04:00.518  ✔ Storybook published
              We found 8 components with 8 stories.
              ℹ View your Storybook at https://660908d77eb40b2f68c22f81-ksfausvnyn.chromatic.com/
07:04:00.519  Started build 3
                  → View build details at https://www.chromatic.com/build?appId=660908d77eb40b2f68c22f81&number=3
07:04:00.520  Running 8 tests
07:04:00.520      → This may take a few minutes
07:04:00.521  ℹ Speed up Continuous Integration
              Your project is linked to GitHub so Chromatic will report results there.
              This means you can pass the --exit-once-uploaded flag to skip waiting for build results.
              Read more here: https://www.chromatic.com/docs/cli#chromatic-options
07:04:01.223      → [===                 ] 1/8
07:04:12.682      → [===============     ] 6/8
07:04:16.076  ✔ Build 3 passed!
              No visual changes were found in this build.
              ℹ View build details at https://www.chromatic.com/build?appId=660908d77eb40b2f68c22f81&number=3
07:04:16.077  Build 3 passed!
                  → Tested 8 stories across 8 components; captured 8 snapshots in 16 seconds
07:04:16.078  Tasks completed
07:04:16.083  ℹ Wrote Chromatic diagnostics report to chromatic-diagnostics.json
